<?xml version="1.0" encoding="UTF-8"?>
<!-- Generated by org.testng.reporters.JUnitXMLReporter -->
<testsuite hostname="LAPTOP-06OKJ4FN" ignored="1" name="Default test(failed)" tests="1" failures="0" timestamp="04 Nov 2019 15:28:38 GMT" time="83.934" errors="0">
  <testcase name="@BeforeMethod Before" time="59.047" classname="thirdPackage.DiwaliTaskInTestNg">
    <failure type="java.lang.RuntimeException" message="Unexpected result for screenshot command: null">
      <![CDATA[java.lang.RuntimeException: Unexpected result for screenshot command: null
	at org.openqa.selenium.remote.RemoteWebDriver.getScreenshotAs(RemoteWebDriver.java:304)
	at thirdPackage.DiwaliTaskInTestNg.Before(DiwaliTaskInTestNg.java:48)
... Removed 27 stack frames]]>
    </failure>
  </testcase> <!-- @BeforeMethod Before -->
  <testcase name="@AfterMethod logout" time="0.0" classname="thirdPackage.DiwaliTaskInTestNg">
    <skipped/>
  </testcase> <!-- @AfterMethod logout -->
  <testcase name="@AfterClass afterclass" time="0.0" classname="thirdPackage.DiwaliTaskInTestNg">
    <skipped/>
  </testcase> <!-- @AfterClass afterclass -->
  <testcase name="@AfterTest quit" time="0.0" classname="thirdPackage.DiwaliTaskInTestNg">
    <skipped/>
  </testcase> <!-- @AfterTest quit -->
  <testcase name="test2" time="0.12" classname="thirdPackage.DiwaliTaskInTestNg">
    <skipped/>
  </testcase> <!-- test2 -->
  <testcase name="Test1" time="0.0" classname="thirdPackage.DiwaliTaskInTestNg">
    <ignored/>
  </testcase> <!-- Test1 -->
</testsuite> <!-- Default test(failed) -->
