<?xml version="1.0" encoding="UTF-8"?>
<!-- Generated by org.testng.reporters.JUnitXMLReporter -->
<testsuite hostname="LAPTOP-06OKJ4FN" ignored="1" name="Default test(failed)(failed)" tests="1" failures="0" timestamp="04 Nov 2019 15:33:06 GMT" time="82.216" errors="0">
  <testcase name="test2" time="31.473" classname="thirdPackage.DiwaliTaskInTestNg"/>
  <testcase name="Test1" time="0.0" classname="thirdPackage.DiwaliTaskInTestNg">
    <ignored/>
  </testcase> <!-- Test1 -->
</testsuite> <!-- Default test(failed)(failed) -->
