<?xml version="1.0" encoding="UTF-8"?>
<testng-results skipped="0" failed="0" ignored="0" total="2" passed="2">
  <reporter-output>
  </reporter-output>
  <suite name="Default suite" duration-ms="79" started-at="2019-12-05T15:01:38Z" finished-at="2019-12-05T15:01:38Z">
    <groups>
    </groups>
    <test name="Default test" duration-ms="79" started-at="2019-12-05T15:01:38Z" finished-at="2019-12-05T15:01:38Z">
      <class name="firstPackage.TestNGAssertions">
        <test-method status="PASS" signature="test1()[pri:0, instance:firstPackage.TestNGAssertions@5f375618]" name="test1" duration-ms="15" started-at="2019-12-05T20:31:38Z" finished-at="2019-12-05T20:31:38Z">
          <reporter-output>
          </reporter-output>
        </test-method> <!-- test1 -->
        <test-method status="PASS" signature="test2(java.lang.String, java.lang.String)[pri:0, instance:firstPackage.TestNGAssertions@5f375618]" name="test2" duration-ms="0" started-at="2019-12-05T20:31:38Z" finished-at="2019-12-05T20:31:38Z">
          <params>
            <param index="0">
              <value>
                <![CDATA[trying]]>
              </value>
            </param>
            <param index="1">
              <value>
                <![CDATA[harder]]>
              </value>
            </param>
          </params>
          <reporter-output>
          </reporter-output>
        </test-method> <!-- test2 -->
      </class> <!-- firstPackage.TestNGAssertions -->
    </test> <!-- Default test -->
  </suite> <!-- Default suite -->
</testng-results>
